HOST morse.lbl.gov
only_i 295
only_code None
force_amber_prep True
dry_run False
... 295 2zhx
/net/chevy/raid1/nigel/amber/hi_lo
/net/chevy/raid1/nigel/amber/hi_lo/zh/2zhx
2zhx.pdb 4phenix_2zhx.pdb
local_archive None
archive PDB None
Reading from local mirror:
  /net/cci/pdb_mirror/pdb/zh/pdb2zhx.ent.gz
Model saved to /net/morse/raid1/scratch1/nigel/amber/hi_lo/zh/2zhx/2zhx.pdb
Sequence saved to /net/morse/raid1/scratch1/nigel/amber/hi_lo/zh/2zhx/2zhx.fa
Reading from local mirror:
  /net/cci/pdb_mirror/structure_factors/zh/r2zhxsf.ent.gz
Structure factors saved to /net/morse/raid1/scratch1/nigel/amber/hi_lo/zh/2zhx/2zhx-sf.cif
Reading from local mirror:
  /net/cci/pdb_mirror/mmcif/zh/2zhx.cif.gz
Model saved to /net/morse/raid1/scratch1/nigel/amber/hi_lo/zh/2zhx/2zhx.cif
Can't determine output label for r2zhxsf,_refln.crystal_id - skipping.
Can't determine output label for r2zhxsf,_refln.scale_group_code - skipping.
R-free-flags: fraction_free=0.051
R-free-flags: missing 1276 reflections
Can't determine output label for r2zhxsf,_refln.wavelength_id - skipping.
Converted structure factors saved to 2zhx.mtz
local_archive None
archive PDB None
Reading from local mirror:
  /net/cci/pdb_mirror/pdb/zh/pdb2zhx.ent.gz
Model saved to /net/morse/raid1/scratch1/nigel/amber/hi_lo/zh/2zhx/2zhx.pdb
Sequence saved to /net/morse/raid1/scratch1/nigel/amber/hi_lo/zh/2zhx/2zhx.fa
Reading from local mirror:
  /net/cci/pdb_mirror/structure_factors/zh/r2zhxsf.ent.gz
Structure factors saved to /net/morse/raid1/scratch1/nigel/amber/hi_lo/zh/2zhx/2zhx-sf.cif
Reading from local mirror:
  /net/cci/pdb_mirror/mmcif/zh/2zhx.cif.gz
Model saved to /net/morse/raid1/scratch1/nigel/amber/hi_lo/zh/2zhx/2zhx.cif
Can't determine output label for r2zhxsf,_refln.crystal_id - skipping.
Can't determine output label for r2zhxsf,_refln.scale_group_code - skipping.
R-free-flags: fraction_free=0.051
R-free-flags: missing 1276 reflections
Can't determine output label for r2zhxsf,_refln.wavelength_id - skipping.
Converted structure factors saved to 2zhx.mtz

==================================================
Summary of pdb4amber for: 2zhx.pdb
===================================================
REDUCE returned non-zero exit status: See reduce_info.log for more details

----------Chains
The following (original) chains have been found:
A
B
C
D
E
F
G
H
I
J
K
L
M
N

---------- Alternate Locations (Original Residues!))

The following residues had alternate locations:
None

---------- Mising heavy atom(s)

GLN_238 misses 4 heavy atom(s)
GLU_250 misses 4 heavy atom(s)
ARG_309 misses 6 heavy atom(s)
ARG_615 misses 6 heavy atom(s)
LYS_850 misses 4 heavy atom(s)
GLU_863 misses 4 heavy atom(s)
GLU_874 misses 4 heavy atom(s)
GLU_937 misses 4 heavy atom(s)
GLN_948 misses 4 heavy atom(s)
GLU_1152 misses 4 heavy atom(s)
GLU_1181 misses 4 heavy atom(s)
GLU_1207 misses 4 heavy atom(s)
LYS_1209 misses 3 heavy atom(s)
LYS_1225 misses 4 heavy atom(s)
ARG_1229 misses 6 heavy atom(s)
GLU_1244 misses 4 heavy atom(s)
GLU_1477 misses 4 heavy atom(s)
GLU_1499 misses 4 heavy atom(s)
ASP_1511 misses 3 heavy atom(s)
GLU_1514 misses 4 heavy atom(s)
LYS_1516 misses 4 heavy atom(s)
LYS_1532 misses 4 heavy atom(s)
MET_1533 misses 3 heavy atom(s)
LEU_1534 misses 2 heavy atom(s)
ARG_1536 misses 6 heavy atom(s)
GLN_1562 misses 4 heavy atom(s)
ASN_1760 misses 3 heavy atom(s)
GLU_1766 misses 4 heavy atom(s)
GLN_1772 misses 4 heavy atom(s)
LEU_1773 misses 3 heavy atom(s)
GLU_1784 misses 4 heavy atom(s)
GLU_1795 misses 4 heavy atom(s)
GLU_1806 misses 4 heavy atom(s)
GLU_1821 misses 4 heavy atom(s)
LYS_1823 misses 4 heavy atom(s)
ARG_1843 misses 6 heavy atom(s)
GLU_1858 misses 4 heavy atom(s)
GLN_1869 misses 4 heavy atom(s)
LYS_2074 misses 4 heavy atom(s)
GLN_2079 misses 4 heavy atom(s)
LEU_2087 misses 3 heavy atom(s)
GLU_2095 misses 4 heavy atom(s)
GLU_2102 misses 4 heavy atom(s)
GLU_2117 misses 4 heavy atom(s)
LEU_2121 misses 3 heavy atom(s)
GLU_2128 misses 4 heavy atom(s)
TYR_2129 misses 7 heavy atom(s)
LYS_2130 misses 4 heavy atom(s)
GLU_2142 misses 4 heavy atom(s)
LYS_2144 misses 4 heavy atom(s)
MET_2147 misses 3 heavy atom(s)

==================================================
Summary of pdb4amber for: 2zhx_4tleap_uc1.pdb
===================================================

----------Chains
The following (original) chains have been found:
A
B
C
D
E
F
G
H
I
J
K
L
M
N

---------- Alternate Locations (Original Residues!))

The following residues had alternate locations:
None

---------- Mising heavy atom(s)

None
not prmtop_filename /net/morse/scratch1/nigel/amber/hi_lo/zh/2zhx/4amber_2zhx.prmtop
not prmtop_filename /net/chevy/raid1/nigel/amber/hi_lo/zh/2zhx/4amber_2zhx.prmtop

	Running AmberPrep : 2zhx.pdb


==================================================
Running pdb4amber on 2zhx.pdb
==================================================

==================================================
Setting up library files for non-standard residues
==================================================

==================================================
Preparing asu files and 4phenix_2zhx.pdb
==================================================

~> tleap -f 2zhx_asu_tleap_input_run

Checking output filenames
  file : 2zhx_asu.prmtop
  file : 2zhx_asu.rst7

~> ChBox -c 2zhx_asu.rst7 -o 2zhx_asu.rst7 -X 201.143 -Y 64.274 -Z 203.677 -al 90.0 -bt 109.72 -gm 90.0 


============================================================
Preparing unit cell files: 4amber_2zhx.prmtop and 4amber_2zhx.rst7
============================================================

~> UnitCell -p 2zhx_4UnitCell.pdb -o 2zhx_4tleap_uc1.pdb


~> tleap -f 2zhx_uc_tleap_input_run

Checking output filenames
  file : 2zhx_uc.prmtop
  file : 2zhx_uc.rst7

~> ChBox -c 2zhx_uc.rst7 -o 2zhx_uc.rst7 -X 201.143 -Y 64.274 -Z 203.677 -al 90.0 -bt 109.72 -gm 90.0 


==================================================
Minimizing input coordinates.
==================================================

~> sander -O -i 2zhx_amber_all.in -p 4amber_2zhx.prmtop -c 4amber_2zhx.rst7 -o 2zhx.min.out            -ref 4amber_2zhx.rst7 -r 4amber_2zhx.min.rst7

Traceback (most recent call last):
  File "run_tests_local.py", line 323, in <module>
    run(*tuple(args))
  File "run_tests_local.py", line 307, in run
    w2 = run_all_tests(code, force_amber_prep=force_amber_prep)
  File "run_tests_local.py", line 93, in run_all_tests
    "clean=on",
  File "/net/cci-filer2/raid1/xp/phenix/phenix-svn/modules/amber_adaptbx/command_line/AmberPrepClass.py", line 1034, in run
    minimization_options=actions.minimization_options)
  File "/net/cci-filer2/raid1/xp/phenix/phenix-svn/modules/amber_adaptbx/command_line/AmberPrepClass.py", line 685, in run_minimise
    assert (ero.return_code == 0)
AssertionError
